<?xml version="1.0" encoding="utf-8"?><testsuites name="pytest tests"><testsuite name="pytest" errors="0" failures="0" skipped="0" tests="9" time="3.042" timestamp="2026-04-05T14:04:48.351969+00:00" hostname="agent-env-49feb896-451a-4383-b858-14e8171f5ee4"><testcase classname="backend.tests.test_chronicle_features.TestEmergentRemoval" name="test_no_emergent_imports_in_server" time="0.003" /><testcase classname="backend.tests.test_chronicle_features.TestAuthentication" name="test_login_success" time="0.491" /><testcase classname="backend.tests.test_chronicle_features.TestVoiceEndpoints" name="test_voices_available_returns_4_presets" time="0.504" /><testcase classname="backend.tests.test_chronicle_features.TestVoiceEndpoints" name="test_voice_clone_sample_text" time="0.100" /><testcase classname="backend.tests.test_chronicle_features.TestVoiceEndpoints" name="test_voice_transcribe_endpoint_exists" time="0.107" /><testcase classname="backend.tests.test_chronicle_features.TestStripeCheckout" name="test_checkout_create_endpoint_exists" time="0.978" /><testcase classname="backend.tests.test_chronicle_features.TestStripeCheckout" name="test_plans_endpoint" time="0.148" /><testcase classname="backend.tests.test_chronicle_features.TestHealthAndBasicEndpoints" name="test_health_endpoint" time="0.114" /><testcase classname="backend.tests.test_chronicle_features.TestElevenLabsCallEndpoint" name="test_call_with_voice_endpoint_exists" time="0.541" /></testsuite></testsuites>