<?xml version="1.0" encoding="utf-8"?><testsuites name="pytest tests"><testsuite name="pytest" errors="0" failures="0" skipped="0" tests="8" time="20.979" timestamp="2026-04-05T11:51:33.721444+00:00" hostname="agent-env-49feb896-451a-4383-b858-14e8171f5ee4"><testcase classname="tests.test_app_builder_mode.TestAppBuilderMode" name="test_health_check" time="0.511" /><testcase classname="tests.test_app_builder_mode.TestAppBuilderMode" name="test_chat_normal_mode" time="3.952" /><testcase classname="tests.test_app_builder_mode.TestAppBuilderMode" name="test_chat_builder_mode" time="10.770" /><testcase classname="tests.test_app_builder_mode.TestAppBuilderMode" name="test_chat_without_builder_mode_param" time="2.299" /><testcase classname="tests.test_app_builder_mode.TestAppBuilderMode" name="test_chat_with_session_id" time="2.456" /><testcase classname="tests.test_app_builder_mode.TestAuthEndpoints" name="test_login_success" time="0.322" /><testcase classname="tests.test_app_builder_mode.TestAuthEndpoints" name="test_login_invalid_credentials" time="0.142" /><testcase classname="tests.test_app_builder_mode.TestAuthEndpoints" name="test_auth_me_endpoint" time="0.474" /></testsuite></testsuites>